{
  "RSpec": {
    "coverage": {
      "/home/tgldrchmg/Documents/unimedia/financebackend24/config/environment.rb": {
        "lines": [
          null,
          1,
          null,
          null,
          1
        ]
      },
      "/home/tgldrchmg/Documents/unimedia/financebackend24/config/application.rb": {
        "lines": [
          1,
          null,
          1,
          null,
          null,
          null,
          1,
          null,
          1,
          1,
          null,
          1,
          null,
          null,
          null,
          null,
          null,
          null,
          null,
          null,
          null,
          null,
          null,
          null,
          null,
          null,
          null,
          null,
          null,
          1,
          null,
          1,
          null,
          null,
          1,
          1,
          null,
          null
        ]
      },
      "/home/tgldrchmg/Documents/unimedia/financebackend24/config/boot.rb": {
        "lines": [
          1,
          null,
          1,
          1
        ]
      },
      "/home/tgldrchmg/Documents/unimedia/financebackend24/config/environments/test.rb": {
        "lines": [
          1,
          null,
          null,
          null,
          null,
          null,
          null,
          1,
          null,
          null,
          null,
          1,
          null,
          null,
          null,
          null,
          null,
          1,
          null,
          null,
          1,
          1,
          null,
          null,
          null,
          null,
          1,
          1,
          1,
          null,
          null,
          1,
          null,
          null,
          1,
          null,
          null,
          1,
          null,
          1,
          null,
          null,
          null,
          null,
          1,
          null,
          null,
          1,
          null,
          null,
          1,
          null,
          null,
          1,
          null,
          null,
          null,
          null,
          null,
          null,
          null,
          null,
          null,
          null
        ]
      },
      "/home/tgldrchmg/Documents/unimedia/financebackend24/config/initializers/cors.rb": {
        "lines": [
          null,
          null,
          null,
          null,
          null,
          null,
          null,
          1,
          1,
          1,
          null,
          1,
          null,
          null,
          null,
          null,
          null
        ]
      },
      "/home/tgldrchmg/Documents/unimedia/financebackend24/config/initializers/devise.rb": {
        "lines": [
          null,
          null,
          null,
          null,
          null,
          null,
          null,
          null,
          null,
          null,
          1,
          null,
          null,
          null,
          null,
          null,
          null,
          null,
          null,
          null,
          null,
          null,
          null,
          null,
          null,
          null,
          1,
          null,
          null,
          null,
          null,
          null,
          null,
          null,
          null,
          null,
          null,
          null,
          1,
          null,
          null,
          null,
          null,
          null,
          null,
          null,
          null,
          null,
          null,
          null,
          null,
          null,
          null,
          null,
          null,
          null,
          null,
          null,
          null,
          null,
          1,
          null,
          null,
          null,
          null,
          1,
          null,
          null,
          null,
          null,
          null,
          null,
          null,
          null,
          null,
          null,
          null,
          null,
          null,
          null,
          null,
          null,
          null,
          null,
          null,
          null,
          null,
          null,
          null,
          null,
          null,
          null,
          null,
          null,
          null,
          null,
          null,
          null,
          null,
          1,
          null,
          1,
          null,
          null,
          null,
          null,
          null,
          null,
          null,
          null,
          null,
          null,
          null,
          null,
          null,
          null,
          null,
          null,
          null,
          null,
          null,
          null,
          null,
          null,
          null,
          null,
          null,
          1,
          null,
          null,
          null,
          null,
          null,
          null,
          null,
          null,
          null,
          null,
          null,
          null,
          null,
          null,
          null,
          null,
          null,
          null,
          null,
          null,
          null,
          null,
          null,
          null,
          null,
          null,
          null,
          null,
          null,
          null,
          null,
          null,
          null,
          1,
          null,
          null,
          null,
          null,
          null,
          null,
          null,
          null,
          null,
          1,
          null,
          null,
          null,
          null,
          null,
          null,
          null,
          null,
          null,
          null,
          1,
          null,
          null,
          null,
          null,
          1,
          null,
          null,
          null,
          null,
          null,
          null,
          null,
          null,
          null,
          null,
          null,
          null,
          null,
          null,
          null,
          null,
          null,
          null,
          null,
          null,
          null,
          null,
          null,
          null,
          null,
          null,
          null,
          null,
          null,
          null,
          null,
          null,
          null,
          null,
          null,
          null,
          null,
          null,
          null,
          null,
          1,
          null,
          null,
          null,
          null,
          null,
          null,
          null,
          null,
          null,
          null,
          null,
          null,
          null,
          null,
          null,
          null,
          null,
          null,
          null,
          null,
          null,
          null,
          null,
          null,
          null,
          null,
          null,
          null,
          null,
          null,
          null,
          null,
          null,
          null,
          null,
          null,
          null,
          null,
          null,
          null,
          null,
          1,
          null,
          null,
          null,
          null,
          null,
          null,
          1,
          null,
          null,
          null,
          null,
          null,
          null,
          null,
          null,
          null,
          null,
          null,
          null,
          null,
          null,
          null,
          null,
          null,
          null,
          null,
          null,
          null,
          null,
          null,
          null,
          null,
          null,
          null,
          null,
          null,
          null,
          null,
          null,
          null,
          1,
          1,
          null,
          null,
          null,
          null,
          null,
          null,
          null,
          1,
          1,
          1,
          null,
          null,
          1,
          null,
          null,
          1,
          null,
          null
        ]
      },
      "/home/tgldrchmg/Documents/unimedia/financebackend24/config/initializers/filter_parameter_logging.rb": {
        "lines": [
          null,
          null,
          null,
          null,
          null,
          1,
          null,
          null
        ]
      },
      "/home/tgldrchmg/Documents/unimedia/financebackend24/config/initializers/inflections.rb": {
        "lines": [
          null,
          null,
          null,
          null,
          null,
          null,
          null,
          null,
          null,
          null,
          null,
          null,
          null,
          null,
          null,
          null
        ]
      },
      "/home/tgldrchmg/Documents/unimedia/financebackend24/config/initializers/omniauth.rb": {
        "lines": [
          1,
          1,
          null,
          null,
          null,
          null,
          null
        ]
      },
      "/home/tgldrchmg/Documents/unimedia/financebackend24/spec/factories/category.rb": {
        "lines": [
          1,
          1,
          48,
          48,
          40,
          36,
          1,
          null,
          null
        ]
      },
      "/home/tgldrchmg/Documents/unimedia/financebackend24/spec/factories/transactions.rb": {
        "lines": [
          1,
          1,
          48,
          40,
          46,
          48,
          48,
          48,
          1,
          1,
          null,
          null
        ]
      },
      "/home/tgldrchmg/Documents/unimedia/financebackend24/spec/factories/users.rb": {
        "lines": [
          1,
          null,
          1,
          1,
          61,
          61,
          61,
          61,
          61,
          null,
          1,
          61,
          null,
          null,
          1,
          60,
          0,
          null,
          null,
          null,
          null
        ]
      },
      "/home/tgldrchmg/Documents/unimedia/financebackend24/config/routes.rb": {
        "lines": [
          1,
          1,
          1,
          1,
          null,
          null,
          1,
          null,
          null,
          null,
          null,
          null,
          null,
          1,
          1,
          null,
          1,
          1,
          1,
          1,
          1,
          1,
          1,
          null,
          null,
          null,
          null,
          null
        ]
      },
      "/home/tgldrchmg/Documents/unimedia/financebackend24/app/models/user.rb": {
        "lines": [
          1,
          1,
          null,
          null,
          null,
          null,
          null,
          null,
          1,
          null,
          1,
          1,
          1,
          1,
          1,
          1,
          1,
          null,
          1,
          null,
          1,
          null,
          null,
          null,
          null,
          null,
          null,
          null,
          null,
          null,
          null,
          null,
          null,
          null,
          null,
          null,
          null,
          null,
          1,
          1,
          360,
          360,
          null,
          null
        ]
      },
      "/home/tgldrchmg/Documents/unimedia/financebackend24/app/models/application_record.rb": {
        "lines": [
          1,
          1,
          null,
          null
        ]
      },
      "/home/tgldrchmg/Documents/unimedia/financebackend24/app/models/jwt_denylist.rb": {
        "lines": [
          1,
          1,
          null,
          1,
          null
        ]
      },
      "/home/tgldrchmg/Documents/unimedia/financebackend24/app/models/concerns/role_constants.rb": {
        "lines": [
          1,
          1,
          1,
          null
        ]
      },
      "/home/tgldrchmg/Documents/unimedia/financebackend24/app/helpers/transactions_helper.rb": {
        "lines": [
          1,
          1,
          null,
          null,
          1,
          11,
          11,
          null,
          5,
          5,
          5,
          null,
          4,
          4,
          null,
          2,
          null,
          0,
          null,
          null,
          6,
          null,
          5,
          null,
          0,
          null,
          0,
          null,
          null,
          null,
          1,
          9,
          9,
          9,
          null,
          9,
          2,
          2,
          2,
          null,
          null,
          9,
          null,
          null,
          1,
          null,
          4,
          null,
          null,
          null,
          null,
          null,
          3,
          3,
          null,
          3,
          null,
          4,
          4,
          null,
          null,
          3,
          null,
          null,
          1,
          14,
          null,
          null,
          1,
          5,
          null,
          null,
          1,
          5,
          null,
          null,
          1,
          27,
          null,
          null
        ]
      },
      "/home/tgldrchmg/Documents/unimedia/financebackend24/app/controllers/api/v1/transactions_controller.rb": {
        "lines": [
          1,
          1,
          1,
          null,
          1,
          null,
          1,
          6,
          null,
          null,
          5,
          null,
          null,
          null,
          1,
          null,
          null,
          1,
          0,
          null,
          null,
          1,
          5,
          null,
          null,
          1,
          4,
          null,
          null,
          1,
          2,
          null,
          null,
          null,
          1,
          4,
          3,
          null,
          1,
          null,
          null,
          null,
          1,
          4,
          4,
          null,
          4,
          null,
          2,
          null,
          2,
          null,
          null,
          1,
          null,
          1,
          6,
          6,
          null,
          0,
          null,
          0,
          null,
          null
        ]
      },
      "/home/tgldrchmg/Documents/unimedia/financebackend24/app/controllers/application_controller.rb": {
        "lines": [
          1,
          null,
          null
        ]
      },
      "/home/tgldrchmg/Documents/unimedia/financebackend24/spec/models/transaction_spec.rb": {
        "lines": [
          1,
          null,
          1,
          1,
          2,
          2,
          null,
          null,
          1,
          2,
          2,
          2,
          null,
          null,
          1,
          1,
          1,
          1,
          1,
          1,
          null,
          null,
          null,
          1,
          1,
          1,
          1,
          1,
          null,
          null,
          null,
          null,
          null
        ]
      },
      "/home/tgldrchmg/Documents/unimedia/financebackend24/app/models/transaction.rb": {
        "lines": [
          1,
          1,
          null,
          1,
          1,
          null,
          1,
          1,
          1,
          1,
          1,
          1,
          null,
          1,
          14,
          14,
          11,
          null,
          null,
          1,
          14,
          null,
          11,
          10,
          null,
          null,
          1,
          1,
          47,
          null,
          null
        ]
      },
      "/home/tgldrchmg/Documents/unimedia/financebackend24/app/models/category.rb": {
        "lines": [
          null,
          null,
          1,
          1,
          1,
          null,
          1,
          1,
          48,
          null,
          1,
          1,
          null
        ]
      },
      "/home/tgldrchmg/Documents/unimedia/financebackend24/app/serializers/transaction_serializer.rb": {
        "lines": [
          1,
          1,
          1,
          1,
          31,
          null,
          1,
          31,
          null,
          1,
          1,
          null
        ]
      }
    },
    "timestamp": 1719369681
  }
}
